2021-11-05-Friday 20:11	|	/advertisements/	|	GET
2021-11-05-Friday 20:11	|	/advertisements/	|	GET
2021-11-05-Friday 20:11	|	/advertisements/	|	GET
2021-11-05-Friday 20:11	|	/advertisements/	|	GET
2021-11-05-Friday 20:11	|	/advertisements/	|	GET
2021-11-05-Friday 20:11	|	/advertisements/	|	GET
2021-11-05-Friday 20:11	|	/advertisements/	|	GET
2021-11-05-Friday 20:11	|	/advertisements/	|	GET
2021-11-05-Friday 20:11	|	/advertisements/	|	GET
2021-11-05-Friday 20:11	|	/advertisements/	|	GET
2021-11-05-Friday 20:11	|	/advertisements/	|	GET
2021-11-05-Friday 20:11	|	/advertisements/	|	GET
2021-11-05-Friday 20:11	|	/advertisements/	|	GET
2021-11-05-Friday 20:11	|	/advertisements/	|	GET
2021-11-05-Friday 20:11	|	/advertisements/	|	GET
2021-11-05-Friday 20:11	|	/advertisements/	|	GET
2021-11-05-Friday 20:11	|	/advertisements/	|	GET
2021-11-05-Friday 20:11	|	/advertisements/	|	GET
2021-11-05-Friday 20:11	|	/advertisements/	|	GET
2021-11-05-Friday 20:11	|	/advertisements/	|	GET
2021-11-07-Sunday 06:11	|	/advertisements/	|	GET
2021-11-07-Sunday 06:11	|	/advertisements/	|	GET
2021-11-07-Sunday 06:11	|	/advertisements/	|	GET
2021-11-07-Sunday 06:11	|	/advertisements/	|	GET
2021-11-07-Sunday 07:11	|	/advertisements/	|	GET
2021-11-07-Sunday 07:11	|	/advertisements/	|	GET
2021-11-07-Sunday 07:11	|	/advertisements/	|	GET
2021-11-07-Sunday 07:11	|	/advertisements/	|	GET
2021-11-07-Sunday 07:11	|	/advertisements/	|	GET
2021-11-07-Sunday 07:11	|	/advertisements/	|	GET
2021-11-07-Sunday 07:11	|	/advertisements/	|	GET
2021-11-07-Sunday 07:11	|	/advertisements/	|	GET
2021-11-07-Sunday 07:11	|	/advertisements/	|	GET
2021-11-07-Sunday 07:11	|	/advertisements/	|	GET
2021-11-07-Sunday 07:11	|	/advertisements/	|	GET
2021-11-07-Sunday 07:11	|	/advertisements/	|	GET
2021-11-07-Sunday 07:11	|	/advertisements/	|	GET
2021-11-07-Sunday 07:11	|	/advertisements/	|	GET
2021-11-07-Sunday 07:11	|	/advertisements/	|	GET
2021-11-07-Sunday 07:11	|	/advertisements/	|	GET
2021-11-07-Sunday 07:11	|	/advertisements/	|	GET
2021-11-07-Sunday 07:11	|	/advertisements/	|	GET
2021-11-07-Sunday 07:11	|	/advertisements/	|	GET
2021-11-07-Sunday 07:11	|	/advertisements/	|	GET
2021-11-07-Sunday 07:11	|	/advertisements/	|	GET
2021-11-07-Sunday 07:11	|	/advertisements/	|	GET
2021-11-07-Sunday 07:11	|	/advertisements/	|	GET
2021-11-07-Sunday 07:11	|	/advertisements/	|	GET
2021-11-07-Sunday 07:11	|	/advertisements/	|	GET
2021-11-07-Sunday 07:11	|	/advertisements/	|	GET
2021-11-07-Sunday 07:11	|	/advertisements/	|	GET
2021-11-07-Sunday 07:11	|	/advertisements/	|	GET
2021-11-07-Sunday 07:11	|	/advertisements/	|	GET
2021-11-07-Sunday 07:11	|	/advertisements/	|	GET
2021-11-07-Sunday 07:11	|	/advertisements/	|	GET
2021-11-07-Sunday 07:11	|	/advertisements/	|	GET
2021-11-07-Sunday 07:11	|	/advertisements/	|	GET
2021-11-07-Sunday 07:11	|	/advertisements/	|	GET
2021-11-07-Sunday 07:11	|	/advertisements/	|	GET
2021-11-07-Sunday 07:11	|	/advertisements/	|	GET
2021-11-07-Sunday 07:11	|	/advertisements/	|	GET
2021-11-07-Sunday 07:11	|	/advertisements/	|	POST
2021-11-07-Sunday 07:11	|	/advertisements/	|	POST
2021-11-07-Sunday 07:11	|	/advertisements/	|	POST
2021-11-07-Sunday 07:11	|	/advertisements/	|	GET
2021-11-07-Sunday 07:11	|	/advertisements/	|	POST
2021-11-07-Sunday 07:11	|	/advertisements/	|	GET
2021-11-07-Sunday 07:11	|	/advertisements/	|	GET
2021-11-07-Sunday 07:11	|	/advertisements/	|	GET
2021-11-07-Sunday 07:11	|	/advertisements/	|	GET
2021-11-07-Sunday 07:11	|	/advertisements/	|	GET
2021-11-07-Sunday 07:11	|	/advertisements/	|	GET
2021-11-07-Sunday 07:11	|	/advertisements/	|	GET
2021-11-07-Sunday 07:11	|	/advertisements/	|	POST
2021-11-07-Sunday 07:11	|	/advertisements/	|	POST
2021-11-07-Sunday 07:11	|	/advertisements/	|	GET
2021-11-07-Sunday 07:11	|	/advertisements/	|	GET
2021-11-07-Sunday 07:11	|	/advertisements/	|	GET
2021-11-07-Sunday 07:11	|	/advertisements/	|	GET
2021-11-07-Sunday 07:11	|	/advertisements/	|	GET
2021-11-07-Sunday 07:11	|	/advertisements/	|	GET
2021-11-07-Sunday 07:11	|	/advertisements/	|	GET
2021-11-07-Sunday 07:11	|	/advertisements/	|	GET
2021-11-07-Sunday 07:11	|	/advertisements/	|	GET
2021-11-07-Sunday 07:11	|	/advertisements/	|	GET
2021-11-07-Sunday 07:11	|	/advertisements/	|	GET
2021-11-07-Sunday 07:11	|	/	|	GET
2021-11-07-Sunday 07:11	|	/	|	GET
2021-11-07-Sunday 07:11	|	/advertisements/	|	GET
2021-11-07-Sunday 07:11	|	/advertisements/	|	GET
2021-11-07-Sunday 07:11	|	/advertisements/	|	GET
2021-11-07-Sunday 07:11	|	/advertisements/	|	GET
2021-11-07-Sunday 07:11	|	/advertisements/	|	GET
2021-11-07-Sunday 07:11	|	/advertisements/	|	GET
2021-11-07-Sunday 07:11	|	/advertisements/	|	GET
2021-11-07-Sunday 07:11	|	/advertisements/	|	GET
2021-11-07-Sunday 07:11	|	/advertisements/	|	GET
2021-11-07-Sunday 07:11	|	/advertisements/	|	GET
2021-11-07-Sunday 07:11	|	/advertisements/	|	GET
2021-11-07-Sunday 07:11	|	/advertisements/	|	POST
2021-11-07-Sunday 07:11	|	/advertisements/	|	POST
2021-11-07-Sunday 07:11	|	/advertisements/	|	POST
2021-11-07-Sunday 07:11	|	/advertisements/	|	POST
2021-11-07-Sunday 07:11	|	/advertisements/	|	GET
2021-11-07-Sunday 07:11	|	/advertisements/	|	GET
2021-11-07-Sunday 07:11	|	/contacts/	|	GET
2021-11-07-Sunday 07:11	|	/contacts/	|	GET
2021-11-07-Sunday 07:11	|	/contacts/	|	GET
2021-11-07-Sunday 07:11	|	/contacts/	|	GET
2021-11-07-Sunday 07:11	|	/contacts/	|	GET
2021-11-07-Sunday 08:11	|	/about/	|	GET
2021-11-07-Sunday 08:11	|	/about/	|	GET
2021-11-07-Sunday 08:11	|	/about/	|	GET
2021-11-07-Sunday 08:11	|	/about/	|	GET
2021-11-07-Sunday 08:11	|	/about/	|	GET
2021-11-07-Sunday 08:11	|	/about/	|	GET
2021-11-07-Sunday 08:11	|	/about/	|	GET
2021-11-07-Sunday 08:11	|	/about/	|	GET
2021-11-07-Sunday 08:11	|	/about/	|	GET
2021-11-07-Sunday 08:11	|	/about/	|	GET
2021-11-07-Sunday 08:11	|	/about/	|	GET
2021-11-07-Sunday 08:11	|	/advertisements/	|	GET
2021-11-07-Sunday 08:11	|	/	|	GET
2021-11-07-Sunday 08:11	|	/	|	GET
2021-11-07-Sunday 08:11	|	/	|	GET
2021-11-07-Sunday 08:11	|	/	|	GET
2021-11-07-Sunday 08:11	|	/	|	GET
2021-11-07-Sunday 08:11	|	/	|	GET
2021-11-07-Sunday 08:11	|	/	|	GET
2021-11-07-Sunday 08:11	|	/	|	GET
2021-11-07-Sunday 08:11	|	/	|	GET
2021-11-07-Sunday 08:11	|	/	|	GET
2021-11-07-Sunday 08:11	|	/	|	GET
2021-11-07-Sunday 08:11	|	/	|	GET
2021-11-07-Sunday 08:11	|	/	|	GET
2021-11-07-Sunday 08:11	|	/	|	GET
2021-11-07-Sunday 08:11	|	/	|	GET
2021-11-07-Sunday 08:11	|	/	|	GET
2021-11-07-Sunday 08:11	|	/	|	GET
2021-11-07-Sunday 08:11	|	/	|	GET
2021-11-07-Sunday 08:11	|	/	|	GET
2021-11-07-Sunday 08:11	|	/	|	GET
2021-11-07-Sunday 08:11	|	/	|	GET
2021-11-07-Sunday 08:11	|	/	|	GET
2021-11-07-Sunday 08:11	|	/	|	GET
2021-11-07-Sunday 08:11	|	/	|	GET
2021-11-07-Sunday 08:11	|	/	|	GET
2021-11-07-Sunday 08:11	|	/	|	GET
2021-11-07-Sunday 08:11	|	/	|	GET
2021-11-07-Sunday 08:11	|	/	|	GET
2021-11-07-Sunday 08:11	|	/	|	GET
2021-11-07-Sunday 08:11	|	/	|	GET
2021-11-07-Sunday 08:11	|	/	|	GET
2021-11-07-Sunday 08:11	|	/	|	GET
2021-11-07-Sunday 08:11	|	/	|	GET
2021-11-07-Sunday 08:11	|	/	|	GET
2021-11-07-Sunday 08:11	|	/	|	GET
2021-11-07-Sunday 08:11	|	/	|	GET
2021-11-07-Sunday 08:11	|	/	|	GET
2021-11-07-Sunday 08:11	|	/	|	GET
2021-11-07-Sunday 08:11	|	/	|	GET
2021-11-07-Sunday 08:11	|	/	|	GET
2021-11-07-Sunday 08:11	|	/	|	GET
2021-11-07-Sunday 08:11	|	/	|	GET
