Watching for file changes with StatReloader
/home/pavel/myprojects/skillbox/django/module17/project/project/settings.py changed, reloading.
Watching for file changes with StatReloader
Index page
/home/pavel/myprojects/skillbox/django/module17/project/blog/views.py changed, reloading.
Watching for file changes with StatReloader
Index page
/home/pavel/myprojects/skillbox/django/module17/project/project/settings.py changed, reloading.
Watching for file changes with StatReloader
Index page
/home/pavel/myprojects/skillbox/django/module17/project/blog/views.py changed, reloading.
Watching for file changes with StatReloader
Watching for file changes with StatReloader
file
/home/pavel/myprojects/skillbox/django/module17/project/project/settings.py changed, reloading.
Watching for file changes with StatReloader
file
/home/pavel/myprojects/skillbox/django/module17/project/project/settings.py changed, reloading.
Watching for file changes with StatReloader
console
file
/home/pavel/myprojects/skillbox/django/module17/project/project/settings.py changed, reloading.
